# JRE version: OpenJDK Runtime Environment Temurin-17.0.20.1+1 (17.0.20.1+1) (build 17.0.20.1+1)
# Java VM: OpenJDK 64-Bit Server VM Temurin-17.0.20.1+1 (17.0.20.1+1, mixed mode, sharing, tiered, compressed oops, compressed class ptrs, g1 gc, windows-amd64)
GC Precious Log:
 CPUs: 2 total, 2 available
 Memory: 3905M
 Large Page Support: Disabled
 NUMA Support: Disabled
 Compressed Oops: Enabled (Zero based)
 Heap Region Size: 4M
 Heap Min Capacity: 8M
 Heap Initial Capacity: 64M
 Heap Max Capacity: 8G
 Pre-touch: Disabled
 Parallel Workers: 2
 Concurrent Workers: 1
 Concurrent Refinement Workers: 2
 Periodic GC: Disabled
Heap:
 garbage-first heap   total 274432K, used 45211K [0x0000000600000000, 0x0000000800000000)
  region size 4096K, 1 young (4096K), 1 survivors (4096K)
 Metaspace       used 54976K, committed 55744K, reserved 1114112K
  class space    used 7825K, committed 8192K, reserved 1048576K
GC Heap History (20 events):
Event: 250.646 GC heap after
{Heap after GC invocations=36 (full 0):
 garbage-first heap   total 98304K, used 38802K [0x0000000600000000, 0x0000000800000000)
  region size 4096K, 1 young (4096K), 1 survivors (4096K)
 Metaspace       used 44405K, committed 45056K, reserved 1114112K
  class space    used 6175K, committed 6464K, reserved 1048576K
}
Event: 264.413 GC heap before
{Heap before GC invocations=36 (full 0):
 garbage-first heap   total 98304K, used 42898K [0x0000000600000000, 0x0000000800000000)
  region size 4096K, 2 young (8192K), 1 survivors (4096K)
 Metaspace       used 44687K, committed 45312K, reserved 1114112K
  class space    used 6225K, committed 6528K, reserved 1048576K
}
Event: 264.463 GC heap after
{Heap after GC invocations=37 (full 0):
 garbage-first heap   total 98304K, used 39084K [0x0000000600000000, 0x0000000800000000)
  region size 4096K, 1 young (4096K), 1 survivors (4096K)
 Metaspace       used 44687K, committed 45312K, reserved 1114112K
  class space    used 6225K, committed 6528K, reserved 1048576K
}
Event: 273.819 GC heap before
{Heap before GC invocations=37 (full 0):
 garbage-first heap   total 98304K, used 55468K [0x0000000600000000, 0x0000000800000000)
  region size 4096K, 5 young (20480K), 1 survivors (4096K)
 Metaspace       used 46382K, committed 47040K, reserved 1114112K
  class space    used 6453K, committed 6784K, reserved 1048576K
}
Event: 273.829 GC heap after
{Heap after GC invocations=38 (full 0):
 garbage-first heap   total 98304K, used 39971K [0x0000000600000000, 0x0000000800000000)
  region size 4096K, 1 young (4096K), 1 survivors (4096K)
 Metaspace       used 46382K, committed 47040K, reserved 1114112K
  class space    used 6453K, committed 6784K, reserved 1048576K
}
Event: 275.127 GC heap before
{Heap before GC invocations=38 (full 0):
 garbage-first heap   total 98304K, used 64547K [0x0000000600000000, 0x0000000800000000)
  region size 4096K, 7 young (28672K), 1 survivors (4096K)
 Metaspace       used 46396K, committed 47104K, reserved 1114112K
  class space    used 6454K, committed 6784K, reserved 1048576K
}
Event: 275.216 GC heap after
{Heap after GC invocations=39 (full 0):
 garbage-first heap   total 98304K, used 39957K [0x0000000600000000, 0x0000000800000000)
  region size 4096K, 1 young (4096K), 1 survivors (4096K)
 Metaspace       used 46396K, committed 47104K, reserved 1114112K
  class space    used 6454K, committed 6784K, reserved 1048576K
}
Event: 308.607 GC heap before
{Heap before GC invocations=39 (full 0):
 garbage-first heap   total 98304K, used 72725K [0x0000000600000000, 0x0000000800000000)
  region size 4096K, 9 young (36864K), 1 survivors (4096K)
 Metaspace       used 48981K, committed 49664K, reserved 1114112K
  class space    used 6882K, committed 7168K, reserved 1048576K
}
Event: 309.219 GC heap after
{Heap after GC invocations=40 (full 0):
 garbage-first heap   total 274432K, used 41548K [0x0000000600000000, 0x0000000800000000)
  region size 4096K, 1 young (4096K), 1 survivors (4096K)
 Metaspace       used 48981K, committed 49664K, reserved 1114112K
  class space    used 6882K, committed 7168K, reserved 1048576K
}
Event: 324.089 GC heap before
{Heap before GC invocations=40 (full 0):
 garbage-first heap   total 274432K, used 49740K [0x0000000600000000, 0x0000000800000000)
  region size 4096K, 3 young (12288K), 1 survivors (4096K)
 Metaspace       used 49233K, committed 49984K, reserved 1114112K
  class space    used 6914K, committed 7232K, reserved 1048576K
}
Event: 324.153 GC heap after
{Heap after GC invocations=41 (full 0):
 garbage-first heap   total 274432K, used 41809K [0x0000000600000000, 0x0000000800000000)
  region size 4096K, 1 young (4096K), 1 survivors (4096K)
 Metaspace       used 49233K, committed 49984K, reserved 1114112K
  class space    used 6914K, committed 7232K, reserved 1048576K
}
Event: 327.429 GC heap before
{Heap before GC invocations=41 (full 0):
 garbage-first heap   total 274432K, used 66385K [0x0000000600000000, 0x0000000800000000)
  region size 4096K, 7 young (28672K), 1 survivors (4096K)
 Metaspace       used 49494K, committed 50240K, reserved 1114112K
  class space    used 6954K, committed 7296K, reserved 1048576K
}
Event: 327.451 GC heap after
{Heap after GC invocations=42 (full 0):
 garbage-first heap   total 274432K, used 42229K [0x0000000600000000, 0x0000000800000000)
  region size 4096K, 1 young (4096K), 1 survivors (4096K)
 Metaspace       used 49494K, committed 50240K, reserved 1114112K
  class space    used 6954K, committed 7296K, reserved 1048576K
}
Event: 383.241 GC heap before
{Heap before GC invocations=42 (full 0):
 garbage-first heap   total 274432K, used 91381K [0x0000000600000000, 0x0000000800000000)
  region size 4096K, 13 young (53248K), 1 survivors (4096K)
 Metaspace       used 53077K, committed 53824K, reserved 1114112K
  class space    used 7538K, committed 7872K, reserved 1048576K
}
Event: 386.138 GC heap after
{Heap after GC invocations=43 (full 0):
 garbage-first heap   total 274432K, used 44636K [0x0000000600000000, 0x0000000800000000)
  region size 4096K, 2 young (8192K), 2 survivors (8192K)
 Metaspace       used 53077K, committed 53824K, reserved 1114112K
  class space    used 7538K, committed 7872K, reserved 1048576K
}
Event: 394.290 GC heap before
{Heap before GC invocations=43 (full 0):
 garbage-first heap   total 274432K, used 48732K [0x0000000600000000, 0x0000000800000000)
  region size 4096K, 3 young (12288K), 2 survivors (8192K)
 Metaspace       used 53458K, committed 54208K, reserved 1114112K
  class space    used 7602K, committed 7936K, reserved 1048576K
}
Event: 397.575 GC heap after
{Heap after GC invocations=44 (full 0):
 garbage-first heap   total 274432K, used 45420K [0x0000000600000000, 0x0000000800000000)
  region size 4096K, 1 young (4096K), 1 survivors (4096K)
 Metaspace       used 53458K, committed 54208K, reserved 1114112K
  class space    used 7602K, committed 7936K, reserved 1048576K
}
Event: 408.884 GC heap before
{Heap before GC invocations=44 (full 0):
 garbage-first heap   total 274432K, used 53612K [0x0000000600000000, 0x0000000800000000)
  region size 4096K, 3 young (12288K), 1 survivors (4096K)
 Metaspace       used 54219K, committed 55040K, reserved 1114112K
  class space    used 7698K, committed 8064K, reserved 1048576K
}
Event: 409.048 GC heap after
{Heap after GC invocations=45 (full 0):
 garbage-first heap   total 274432K, used 45027K [0x0000000600000000, 0x0000000800000000)
  region size 4096K, 1 young (4096K), 1 survivors (4096K)
 Metaspace       used 54219K, committed 55040K, reserved 1114112K
  class space    used 7698K, committed 8064K, reserved 1048576K
}
Event: 417.886 GC heap before
{Heap before GC invocations=45 (full 0):
 garbage-first heap   total 274432K, used 53219K [0x0000000600000000, 0x0000000800000000)
  region size 4096K, 3 young (12288K), 1 survivors (4096K)
 Metaspace       used 54976K, committed 55744K, reserved 1114112K
  class space    used 7825K, committed 8192K, reserved 1048576K
}

